The system is: Windows - 10.0.19043 - AMD64
Compiling the C compiler identification source file "CMakeCCompilerId.c" succeeded.
Compiler: C:/msys64/clang64/bin/clang.exe 
Build flags: 
Id flags:  

The output was:
0


Compilation of the C compiler identification source "CMakeCCompilerId.c" produced "a.exe"

The C compiler identification is Clang, found in "D:/CPP/Lab2/cmake-build-asan/CMakeFiles/3.21.1/CompilerIdC/a.exe"

Detecting C compiler ABI info compiled with the following output:
Change Dir: D:/CPP/Lab2/cmake-build-asan/CMakeFiles/CMakeTmp

Run Build Command(s):C:/Program Files/JetBrains/CLion 2021.3.3/bin/ninja/win/ninja.exe cmTC_e08a0 && [1/2] Building C object CMakeFiles/cmTC_e08a0.dir/CMakeCCompilerABI.c.obj
clang version 13.0.0
Target: x86_64-w64-windows-gnu
Thread model: posix
InstalledDir: C:/msys64/clang64/bin
 (in-process)
 "C:/msys64/clang64/bin/clang.exe" -cc1 -triple x86_64-w64-windows-gnu -emit-obj -mrelax-all --mrelax-relocations -disable-free -disable-llvm-verifier -discard-value-names -main-file-name CMakeCCompilerABI.c -mrelocation-model pic -pic-level 2 -mframe-pointer=none -fmath-errno -fno-rounding-math -mconstructor-aliases -mms-bitfields -munwind-tables -target-cpu x86-64 -tune-cpu generic -debugger-tuning=gdb -v "-fcoverage-compilation-dir=D:\\CPP\\Lab2\\cmake-build-asan\\CMakeFiles\\CMakeTmp" -resource-dir C:/msys64/clang64/lib/clang/13.0.0 -dependency-file "CMakeFiles\\cmTC_e08a0.dir\\CMakeCCompilerABI.c.obj.d" -MT CMakeFiles/cmTC_e08a0.dir/CMakeCCompilerABI.c.obj -sys-header-deps -internal-isystem C:/msys64/clang64/lib/clang/13.0.0/include -internal-isystem C:/msys64/clang64/x86_64-w64-mingw32/include -internal-isystem C:/msys64/clang64/include "-fdebug-compilation-dir=D:\\CPP\\Lab2\\cmake-build-asan\\CMakeFiles\\CMakeTmp" -ferror-limit 19 -fno-use-cxa-atexit -fgnuc-version=4.2.1 -exception-model=seh -faddrsig -o CMakeFiles/cmTC_e08a0.dir/CMakeCCompilerABI.c.obj -x c "C:/Program Files/JetBrains/CLion 2021.3.3/bin/cmake/win/share/cmake-3.21/Modules/CMakeCCompilerABI.c"
clang -cc1 version 13.0.0 based upon LLVM 13.0.0 default target x86_64-w64-windows-gnu
#include "..." search starts here:
#include <...> search starts here:
 C:/msys64/clang64/lib/clang/13.0.0/include
 C:/msys64/clang64/x86_64-w64-mingw32/include
 C:/msys64/clang64/include
End of search list.
[2/2] Linking C executable cmTC_e08a0.exe
clang version 13.0.0
Target: x86_64-w64-windows-gnu
Thread model: posix
InstalledDir: C:/msys64/clang64/bin
 "C:/msys64/clang64/bin/ld.lld" -m i386pep -Bdynamic -o cmTC_e08a0.exe C:/msys64/clang64/x86_64-w64-mingw32/lib/crt2.o C:/msys64/clang64/x86_64-w64-mingw32/lib/crtbegin.o -LC:/msys64/clang64/x86_64-w64-mingw32/lib -LC:/msys64/clang64/lib -LC:/msys64/clang64/x86_64-w64-mingw32/sys-root/mingw/lib -LC:/msys64/clang64/lib/clang/13.0.0/lib/windows CMakeFiles/cmTC_e08a0.dir/CMakeCCompilerABI.c.obj --out-implib libcmTC_e08a0.dll.a --major-image-version 0 --minor-image-version 0 -lmingw32 C:/msys64/clang64/lib/clang/13.0.0/lib/windows/libclang_rt.builtins-x86_64.a -lunwind -lmoldname -lmingwex -lmsvcrt -ladvapi32 -lshell32 -luser32 -lkernel32 -lmingw32 C:/msys64/clang64/lib/clang/13.0.0/lib/windows/libclang_rt.builtins-x86_64.a -lunwind -lmoldname -lmingwex -lmsvcrt -lkernel32 C:/msys64/clang64/x86_64-w64-mingw32/lib/crtend.o



Parsed C implicit include dir info from above output: rv=done
  found start of include info
  found start of implicit include info
    add: [C:/msys64/clang64/lib/clang/13.0.0/include]
    add: [C:/msys64/clang64/x86_64-w64-mingw32/include]
    add: [C:/msys64/clang64/include]
  end of search list found
  collapse include dir [C:/msys64/clang64/lib/clang/13.0.0/include] ==> [C:/msys64/clang64/lib/clang/13.0.0/include]
  collapse include dir [C:/msys64/clang64/x86_64-w64-mingw32/include] ==> [C:/msys64/clang64/x86_64-w64-mingw32/include]
  collapse include dir [C:/msys64/clang64/include] ==> [C:/msys64/clang64/include]
  implicit include dirs: [C:/msys64/clang64/lib/clang/13.0.0/include;C:/msys64/clang64/x86_64-w64-mingw32/include;C:/msys64/clang64/include]


Parsed C implicit link information from above output:
  link line regex: [^( *|.*[/\])(ld\.lld\.exe|CMAKE_LINK_STARTFILE-NOTFOUND|([^/\]+-)?ld|collect2)[^/\]*( |$)]
  ignore line: [Change Dir: D:/CPP/Lab2/cmake-build-asan/CMakeFiles/CMakeTmp]
  ignore line: []
  ignore line: [Run Build Command(s):C:/Program Files/JetBrains/CLion 2021.3.3/bin/ninja/win/ninja.exe cmTC_e08a0 && [1/2] Building C object CMakeFiles/cmTC_e08a0.dir/CMakeCCompilerABI.c.obj]
  ignore line: [clang version 13.0.0]
  ignore line: [Target: x86_64-w64-windows-gnu]
  ignore line: [Thread model: posix]
  ignore line: [InstalledDir: C:/msys64/clang64/bin]
  ignore line: [ (in-process)]
  ignore line: [ "C:/msys64/clang64/bin/clang.exe" -cc1 -triple x86_64-w64-windows-gnu -emit-obj -mrelax-all --mrelax-relocations -disable-free -disable-llvm-verifier -discard-value-names -main-file-name CMakeCCompilerABI.c -mrelocation-model pic -pic-level 2 -mframe-pointer=none -fmath-errno -fno-rounding-math -mconstructor-aliases -mms-bitfields -munwind-tables -target-cpu x86-64 -tune-cpu generic -debugger-tuning=gdb -v "-fcoverage-compilation-dir=D:\\CPP\\Lab2\\cmake-build-asan\\CMakeFiles\\CMakeTmp" -resource-dir C:/msys64/clang64/lib/clang/13.0.0 -dependency-file "CMakeFiles\\cmTC_e08a0.dir\\CMakeCCompilerABI.c.obj.d" -MT CMakeFiles/cmTC_e08a0.dir/CMakeCCompilerABI.c.obj -sys-header-deps -internal-isystem C:/msys64/clang64/lib/clang/13.0.0/include -internal-isystem C:/msys64/clang64/x86_64-w64-mingw32/include -internal-isystem C:/msys64/clang64/include "-fdebug-compilation-dir=D:\\CPP\\Lab2\\cmake-build-asan\\CMakeFiles\\CMakeTmp" -ferror-limit 19 -fno-use-cxa-atexit -fgnuc-version=4.2.1 -exception-model=seh -faddrsig -o CMakeFiles/cmTC_e08a0.dir/CMakeCCompilerABI.c.obj -x c "C:/Program Files/JetBrains/CLion 2021.3.3/bin/cmake/win/share/cmake-3.21/Modules/CMakeCCompilerABI.c"]
  ignore line: [clang -cc1 version 13.0.0 based upon LLVM 13.0.0 default target x86_64-w64-windows-gnu]
  ignore line: [#include "..." search starts here:]
  ignore line: [#include <...> search starts here:]
  ignore line: [ C:/msys64/clang64/lib/clang/13.0.0/include]
  ignore line: [ C:/msys64/clang64/x86_64-w64-mingw32/include]
  ignore line: [ C:/msys64/clang64/include]
  ignore line: [End of search list.]
  ignore line: [[2/2] Linking C executable cmTC_e08a0.exe]
  ignore line: [clang version 13.0.0]
  ignore line: [Target: x86_64-w64-windows-gnu]
  ignore line: [Thread model: posix]
  ignore line: [InstalledDir: C:/msys64/clang64/bin]
  link line: [ "C:/msys64/clang64/bin/ld.lld" -m i386pep -Bdynamic -o cmTC_e08a0.exe C:/msys64/clang64/x86_64-w64-mingw32/lib/crt2.o C:/msys64/clang64/x86_64-w64-mingw32/lib/crtbegin.o -LC:/msys64/clang64/x86_64-w64-mingw32/lib -LC:/msys64/clang64/lib -LC:/msys64/clang64/x86_64-w64-mingw32/sys-root/mingw/lib -LC:/msys64/clang64/lib/clang/13.0.0/lib/windows CMakeFiles/cmTC_e08a0.dir/CMakeCCompilerABI.c.obj --out-implib libcmTC_e08a0.dll.a --major-image-version 0 --minor-image-version 0 -lmingw32 C:/msys64/clang64/lib/clang/13.0.0/lib/windows/libclang_rt.builtins-x86_64.a -lunwind -lmoldname -lmingwex -lmsvcrt -ladvapi32 -lshell32 -luser32 -lkernel32 -lmingw32 C:/msys64/clang64/lib/clang/13.0.0/lib/windows/libclang_rt.builtins-x86_64.a -lunwind -lmoldname -lmingwex -lmsvcrt -lkernel32 C:/msys64/clang64/x86_64-w64-mingw32/lib/crtend.o]
    arg [C:/msys64/clang64/bin/ld.lld] ==> ignore
    arg [-m] ==> ignore
    arg [i386pep] ==> ignore
    arg [-Bdynamic] ==> search dynamic
    arg [-o] ==> ignore
    arg [cmTC_e08a0.exe] ==> ignore
    arg [C:/msys64/clang64/x86_64-w64-mingw32/lib/crt2.o] ==> obj [C:/msys64/clang64/x86_64-w64-mingw32/lib/crt2.o]
    arg [C:/msys64/clang64/x86_64-w64-mingw32/lib/crtbegin.o] ==> obj [C:/msys64/clang64/x86_64-w64-mingw32/lib/crtbegin.o]
    arg [-LC:/msys64/clang64/x86_64-w64-mingw32/lib] ==> dir [C:/msys64/clang64/x86_64-w64-mingw32/lib]
    arg [-LC:/msys64/clang64/lib] ==> dir [C:/msys64/clang64/lib]
    arg [-LC:/msys64/clang64/x86_64-w64-mingw32/sys-root/mingw/lib] ==> dir [C:/msys64/clang64/x86_64-w64-mingw32/sys-root/mingw/lib]
    arg [-LC:/msys64/clang64/lib/clang/13.0.0/lib/windows] ==> dir [C:/msys64/clang64/lib/clang/13.0.0/lib/windows]
    arg [CMakeFiles/cmTC_e08a0.dir/CMakeCCompilerABI.c.obj] ==> ignore
    arg [--out-implib] ==> ignore
    arg [libcmTC_e08a0.dll.a] ==> ignore
    arg [--major-image-version] ==> ignore
    arg [0] ==> ignore
    arg [--minor-image-version] ==> ignore
    arg [0] ==> ignore
    arg [-lmingw32] ==> lib [mingw32]
    arg [C:/msys64/clang64/lib/clang/13.0.0/lib/windows/libclang_rt.builtins-x86_64.a] ==> lib [C:/msys64/clang64/lib/clang/13.0.0/lib/windows/libclang_rt.builtins-x86_64.a]
    arg [-lunwind] ==> lib [unwind]
    arg [-lmoldname] ==> lib [moldname]
    arg [-lmingwex] ==> lib [mingwex]
    arg [-lmsvcrt] ==> lib [msvcrt]
    arg [-ladvapi32] ==> lib [advapi32]
    arg [-lshell32] ==> lib [shell32]
    arg [-luser32] ==> lib [user32]
    arg [-lkernel32] ==> lib [kernel32]
    arg [-lmingw32] ==> lib [mingw32]
    arg [C:/msys64/clang64/lib/clang/13.0.0/lib/windows/libclang_rt.builtins-x86_64.a] ==> lib [C:/msys64/clang64/lib/clang/13.0.0/lib/windows/libclang_rt.builtins-x86_64.a]
    arg [-lunwind] ==> lib [unwind]
    arg [-lmoldname] ==> lib [moldname]
    arg [-lmingwex] ==> lib [mingwex]
    arg [-lmsvcrt] ==> lib [msvcrt]
    arg [-lkernel32] ==> lib [kernel32]
    arg [C:/msys64/clang64/x86_64-w64-mingw32/lib/crtend.o] ==> obj [C:/msys64/clang64/x86_64-w64-mingw32/lib/crtend.o]
  remove lib [C:/msys64/clang64/lib/clang/13.0.0/lib/windows/libclang_rt.builtins-x86_64.a]
  remove lib [msvcrt]
  remove lib [C:/msys64/clang64/lib/clang/13.0.0/lib/windows/libclang_rt.builtins-x86_64.a]
  remove lib [msvcrt]
  collapse library dir [C:/msys64/clang64/x86_64-w64-mingw32/lib] ==> [C:/msys64/clang64/x86_64-w64-mingw32/lib]
  collapse library dir [C:/msys64/clang64/lib] ==> [C:/msys64/clang64/lib]
  collapse library dir [C:/msys64/clang64/x86_64-w64-mingw32/sys-root/mingw/lib] ==> [C:/msys64/clang64/x86_64-w64-mingw32/sys-root/mingw/lib]
  collapse library dir [C:/msys64/clang64/lib/clang/13.0.0/lib/windows] ==> [C:/msys64/clang64/lib/clang/13.0.0/lib/windows]
  implicit libs: [mingw32;unwind;moldname;mingwex;advapi32;shell32;user32;kernel32;mingw32;unwind;moldname;mingwex;kernel32]
  implicit objs: [C:/msys64/clang64/x86_64-w64-mingw32/lib/crt2.o;C:/msys64/clang64/x86_64-w64-mingw32/lib/crtbegin.o;C:/msys64/clang64/x86_64-w64-mingw32/lib/crtend.o]
  implicit dirs: [C:/msys64/clang64/x86_64-w64-mingw32/lib;C:/msys64/clang64/lib;C:/msys64/clang64/x86_64-w64-mingw32/sys-root/mingw/lib;C:/msys64/clang64/lib/clang/13.0.0/lib/windows]
  implicit fwks: []


